[2025-08-20 22:49:21 UTC][INFO][jellynouncer.web] Web logging initialized - Level: DEBUG, File: logs\jellynouncer-web.log
[2025-08-20 22:49:21 UTC][DEBUG][jellynouncer.web] [TEST] Debug message from Main web logger
[2025-08-20 22:49:21 UTC][INFO][jellynouncer.web] [TEST] Info message from Main web logger
[2025-08-20 22:49:21 UTC][WARNING][jellynouncer.web] [TEST] Warning message from Main web logger
[2025-08-20 22:49:21 UTC][ERROR][jellynouncer.web] [TEST] Error message from Main web logger
[2025-08-20 22:50:24 UTC][INFO][jellynouncer.web] Web logging initialized - Level: DEBUG, File: logs\jellynouncer-web.log
[2025-08-20 22:50:24 UTC][DEBUG][jellynouncer.web] [TEST] Debug message from Main web logger
[2025-08-20 22:50:24 UTC][INFO][jellynouncer.web] [TEST] Info message from Main web logger
[2025-08-20 22:50:24 UTC][WARNING][jellynouncer.web] [TEST] Warning message from Main web logger
[2025-08-20 22:50:24 UTC][ERROR][jellynouncer.web] [TEST] Error message from Main web logger
[2025-08-20 22:50:24 UTC][DEBUG][jellynouncer.web_api] [TEST] Debug message from Web API logger
[2025-08-20 22:50:24 UTC][INFO][jellynouncer.web_api] [TEST] Info message from Web API logger
[2025-08-20 22:50:24 UTC][WARNING][jellynouncer.web_api] [TEST] Warning message from Web API logger
[2025-08-20 22:50:24 UTC][ERROR][jellynouncer.web_api] [TEST] Error message from Web API logger
[2025-08-20 22:50:24 UTC][DEBUG][jellynouncer.web_client] [TEST] Debug message from Client logger
[2025-08-20 22:50:24 UTC][INFO][jellynouncer.web_client] [TEST] Info message from Client logger
[2025-08-20 22:50:24 UTC][WARNING][jellynouncer.web_client] [TEST] Warning message from Client logger
[2025-08-20 22:50:24 UTC][ERROR][jellynouncer.web_client] [TEST] Error message from Client logger
[2025-08-20 22:50:24 UTC][DEBUG][jellynouncer.web_db] [TEST] Debug message from Web database logger
[2025-08-20 22:50:24 UTC][INFO][jellynouncer.web_db] [TEST] Info message from Web database logger
[2025-08-20 22:50:24 UTC][WARNING][jellynouncer.web_db] [TEST] Warning message from Web database logger
[2025-08-20 22:50:24 UTC][ERROR][jellynouncer.web_db] [TEST] Error message from Web database logger
[2025-08-20 22:50:24 UTC][DEBUG][jellynouncer.web_interface] [TEST] Debug message from Web interface logger
[2025-08-20 22:50:24 UTC][INFO][jellynouncer.web_interface] [TEST] Info message from Web interface logger
[2025-08-20 22:50:24 UTC][WARNING][jellynouncer.web_interface] [TEST] Warning message from Web interface logger
[2025-08-20 22:50:24 UTC][ERROR][jellynouncer.web_interface] [TEST] Error message from Web interface logger
[2025-08-20 22:50:24 UTC][INFO][jellynouncer.web_client] [CLIENT] [test-123] http://localhost:3000/ - Test client log entry | Metadata: {"component": "App", "action": "initialize"}
[2025-08-20 22:50:24 UTC][ERROR][jellynouncer.web_client] [CLIENT] [test-123] http://localhost:3000/config - Test error from client | Metadata: {"error": "Network timeout", "retries": 3}
